[12:48:03] [main/INFO]: Environment: authHost='https://authserver.mojang.com', accountsHost='https://api.mojang.com', sessionHost='https://sessionserver.mojang.com', servicesHost='https://api.minecraftservices.com', name='PROD'
[12:48:04] [main/WARN]: Ambiguity between arguments [teleport, destination] and [teleport, targets] with inputs: [Player, 0123, @e, dd12be42-52a9-4a91-a8a1-11c01849e498]
[12:48:04] [main/WARN]: Ambiguity between arguments [teleport, location] and [teleport, destination] with inputs: [0.1 -0.5 .9, 0 0 0]
[12:48:04] [main/WARN]: Ambiguity between arguments [teleport, location] and [teleport, targets] with inputs: [0.1 -0.5 .9, 0 0 0]
[12:48:04] [main/WARN]: Ambiguity between arguments [teleport, targets] and [teleport, destination] with inputs: [Player, 0123, dd12be42-52a9-4a91-a8a1-11c01849e498]
[12:48:04] [main/WARN]: Ambiguity between arguments [teleport, targets, location] and [teleport, targets, destination] with inputs: [0.1 -0.5 .9, 0 0 0]
[12:48:04] [main/INFO]: Reloading ResourceManager: Default
[12:48:06] [Worker-Main-4/INFO]: Loaded 7 recipes
[12:48:06] [Worker-Main-4/INFO]: Loaded 927 advancements
[12:48:09] [Server thread/INFO]: Starting minecraft server version 1.16.5
[12:48:09] [Server thread/INFO]: Loading properties
[12:48:09] [Server thread/INFO]: Default game type: SURVIVAL
[12:48:09] [Server thread/INFO]: Generating keypair
[12:48:09] [Server thread/INFO]: Starting Minecraft server on 0.0.0.0:25565
[12:48:09] [Server thread/INFO]: Using default channel type
[12:48:10] [Server thread/WARN]: **** SERVER IS RUNNING IN OFFLINE/INSECURE MODE!
[12:48:10] [Server thread/WARN]: The server will make no attempt to authenticate usernames. Beware.
[12:48:10] [Server thread/WARN]: While this makes the game possible to play without internet access, it also opens up the ability for hackers to connect with any username they choose.
[12:48:10] [Server thread/WARN]: To change this, set "online-mode" to "true" in the server.properties file.
[12:48:10] [Server thread/INFO]: Preparing level "world"
[12:48:10] [Server thread/INFO]: Preparing start region for dimension minecraft:overworld
[12:48:12] [Server thread/INFO]: Preparing spawn area: 0%
[12:48:12] [Server thread/INFO]: Preparing spawn area: 0%
[12:48:12] [Server thread/INFO]: Preparing spawn area: 0%
[12:48:12] [Server thread/INFO]: Preparing spawn area: 0%
[12:48:12] [Server thread/INFO]: Preparing spawn area: 0%
[12:48:13] [Server thread/INFO]: Preparing spawn area: 0%
[12:48:13] [Server thread/INFO]: Preparing spawn area: 41%
[12:48:15] [Server thread/INFO]: Time elapsed: 5153 ms
[12:48:15] [Server thread/INFO]: Done (5.388s)! For help, type "help"
[12:48:29] [Server thread/INFO]: YaAlex[/26.178.35.161:52178] logged in with entity id 169 at (314.69999998807907, 43.0, 300.69999998807907)
[12:48:29] [Server thread/INFO]: YaAlex joined the game
[12:48:33] [Server thread/WARN]: Can't keep up! Is the server overloaded? Running 2001ms or 40 ticks behind
[12:48:45] [Server thread/INFO]: YaAlex lost connection: Disconnected
[12:48:45] [Server thread/INFO]: YaAlex left the game
[12:48:45] [Server thread/WARN]: handleDisconnection() called twice
[12:48:58] [Server thread/WARN]: Can't keep up! Is the server overloaded? Running 2910ms or 58 ticks behind
[12:50:03] [Server thread/INFO]: YaAlex[/26.178.35.161:52280] logged in with entity id 173 at (314.69999998807907, 43.0, 300.69999998807907)
[12:50:03] [Server thread/INFO]: YaAlex joined the game
[12:50:20] [Server thread/INFO]: YaAlex lost connection: Timed out
[12:50:20] [Server thread/INFO]: YaAlex left the game
